# JRE version: OpenJDK Runtime Environment (11.0.6+8) (build 11.0.6+8-b520.43)
# Java VM: OpenJDK 64-Bit Server VM (11.0.6+8-b520.43, mixed mode, tiered, compressed oops, g1 gc, windows-amd64)
Heap:
 garbage-first heap   total 131072K, used 91266K [0x00000000e0000000, 0x0000000100000000)
  region size 1024K, 71 young (72704K), 8 survivors (8192K)
 Metaspace       used 54950K, capacity 56000K, committed 56140K, reserved 303104K
  class space    used 7154K, capacity 7498K, committed 7552K, reserved 253952K
GC Heap History (16 events):
Event: 1.258 GC heap before
{Heap before GC invocations=0 (full 0):
 garbage-first heap   total 131072K, used 16384K [0x00000000e0000000, 0x0000000100000000)
  region size 1024K, 14 young (14336K), 0 survivors (0K)
 Metaspace       used 9268K, capacity 9518K, committed 9728K, reserved 264192K
  class space    used 945K, capacity 1022K, committed 1024K, reserved 253952K
}
Event: 1.270 GC heap after
{Heap after GC invocations=1 (full 0):
 garbage-first heap   total 131072K, used 7042K [0x00000000e0000000, 0x0000000100000000)
  region size 1024K, 2 young (2048K), 2 survivors (2048K)
 Metaspace       used 9268K, capacity 9518K, committed 9728K, reserved 264192K
  class space    used 945K, capacity 1022K, committed 1024K, reserved 253952K
}
Event: 1.630 GC heap before
{Heap before GC invocations=1 (full 0):
 garbage-first heap   total 131072K, used 17282K [0x00000000e0000000, 0x0000000100000000)
  region size 1024K, 12 young (12288K), 2 survivors (2048K)
 Metaspace       used 10333K, capacity 10565K, committed 10752K, reserved 264192K
  class space    used 1081K, capacity 1157K, committed 1280K, reserved 253952K
}
Event: 1.634 GC heap after
{Heap after GC invocations=2 (full 0):
 garbage-first heap   total 131072K, used 7620K [0x00000000e0000000, 0x0000000100000000)
  region size 1024K, 1 young (1024K), 1 survivors (1024K)
 Metaspace       used 10333K, capacity 10565K, committed 10752K, reserved 264192K
  class space    used 1081K, capacity 1157K, committed 1280K, reserved 253952K
}
Event: 2.710 GC heap before
{Heap before GC invocations=2 (full 0):
 garbage-first heap   total 131072K, used 36292K [0x00000000e0000000, 0x0000000100000000)
  region size 1024K, 30 young (30720K), 1 survivors (1024K)
 Metaspace       used 13045K, capacity 13303K, committed 13440K, reserved 266240K
  class space    used 1441K, capacity 1539K, committed 1664K, reserved 253952K
}
Event: 2.715 GC heap after
{Heap after GC invocations=3 (full 0):
 garbage-first heap   total 131072K, used 12868K [0x00000000e0000000, 0x0000000100000000)
  region size 1024K, 4 young (4096K), 4 survivors (4096K)
 Metaspace       used 13045K, capacity 13303K, committed 13440K, reserved 266240K
  class space    used 1441K, capacity 1539K, committed 1664K, reserved 253952K
}
Event: 4.802 GC heap before
{Heap before GC invocations=3 (full 0):
 garbage-first heap   total 131072K, used 54852K [0x00000000e0000000, 0x0000000100000000)
  region size 1024K, 47 young (48128K), 4 survivors (4096K)
 Metaspace       used 20732K, capacity 21184K, committed 21248K, reserved 272384K
  class space    used 2613K, capacity 2774K, committed 2816K, reserved 253952K
}
Event: 4.816 GC heap after
{Heap after GC invocations=4 (full 0):
 garbage-first heap   total 131072K, used 15212K [0x00000000e0000000, 0x0000000100000000)
  region size 1024K, 3 young (3072K), 3 survivors (3072K)
 Metaspace       used 20732K, capacity 21184K, committed 21248K, reserved 272384K
  class space    used 2613K, capacity 2774K, committed 2816K, reserved 253952K
}
Event: 7.422 GC heap before
{Heap before GC invocations=5 (full 0):
 garbage-first heap   total 131072K, used 71532K [0x00000000e0000000, 0x0000000100000000)
  region size 1024K, 56 young (57344K), 3 survivors (3072K)
 Metaspace       used 31086K, capacity 31627K, committed 31744K, reserved 282624K
  class space    used 3839K, capacity 4037K, committed 4096K, reserved 253952K
}
Event: 7.432 GC heap after
{Heap after GC invocations=6 (full 0):
 garbage-first heap   total 131072K, used 19521K [0x00000000e0000000, 0x0000000100000000)
  region size 1024K, 7 young (7168K), 7 survivors (7168K)
 Metaspace       used 31086K, capacity 31627K, committed 31744K, reserved 282624K
  class space    used 3839K, capacity 4037K, committed 4096K, reserved 253952K
}
Event: 8.538 GC heap before
{Heap before GC invocations=6 (full 0):
 garbage-first heap   total 131072K, used 53313K [0x00000000e0000000, 0x0000000100000000)
  region size 1024K, 41 young (41984K), 7 survivors (7168K)
 Metaspace       used 35101K, capacity 35790K, committed 35840K, reserved 286720K
  class space    used 4395K, capacity 4590K, committed 4608K, reserved 253952K
}
Event: 8.556 GC heap after
{Heap after GC invocations=7 (full 0):
 garbage-first heap   total 131072K, used 21434K [0x00000000e0000000, 0x0000000100000000)
  region size 1024K, 7 young (7168K), 7 survivors (7168K)
 Metaspace       used 35101K, capacity 35790K, committed 35840K, reserved 286720K
  class space    used 4395K, capacity 4590K, committed 4608K, reserved 253952K
}
Event: 10.040 GC heap before
{Heap before GC invocations=8 (full 0):
 garbage-first heap   total 131072K, used 81850K [0x00000000e0000000, 0x0000000100000000)
  region size 1024K, 66 young (67584K), 7 survivors (7168K)
 Metaspace       used 39175K, capacity 39868K, committed 40140K, reserved 288768K
  class space    used 5085K, capacity 5326K, committed 5376K, reserved 253952K
}
Event: 10.056 GC heap after
{Heap after GC invocations=9 (full 0):
 garbage-first heap   total 131072K, used 24788K [0x00000000e0000000, 0x0000000100000000)
  region size 1024K, 6 young (6144K), 6 survivors (6144K)
 Metaspace       used 39175K, capacity 39868K, committed 40140K, reserved 288768K
  class space    used 5085K, capacity 5326K, committed 5376K, reserved 253952K
}
Event: 12.114 GC heap before
{Heap before GC invocations=9 (full 0):
 garbage-first heap   total 131072K, used 92372K [0x00000000e0000000, 0x0000000100000000)
  region size 1024K, 72 young (73728K), 6 survivors (6144K)
 Metaspace       used 48392K, capacity 49341K, committed 49484K, reserved 296960K
  class space    used 6443K, capacity 6746K, committed 6784K, reserved 253952K
}
Event: 12.129 GC heap after
{Heap after GC invocations=10 (full 0):
 garbage-first heap   total 131072K, used 28802K [0x00000000e0000000, 0x0000000100000000)
  region size 1024K, 8 young (8192K), 8 survivors (8192K)
 Metaspace       used 48392K, capacity 49341K, committed 49484K, reserved 296960K
  class space    used 6443K, capacity 6746K, committed 6784K, reserved 253952K
}

